<?xml version="1.0" encoding="UTF-8"?>
<testng-results skipped="0" failed="0" total="0" passed="0">
  <reporter-output>
  </reporter-output>
  <suite name="centralPasajes.com.curso.testing.AppTest" duration-ms="5" started-at="2016-09-29T21:22:05Z" finished-at="2016-09-29T21:22:05Z">
    <groups>
    </groups>
    <test name="Command line test" duration-ms="5" started-at="2016-09-29T21:22:05Z" finished-at="2016-09-29T21:22:05Z">
    </test> <!-- Command line test -->
  </suite> <!-- centralPasajes.com.curso.testing.AppTest -->
</testng-results>
